<?xml version="1.0" encoding="UTF-8"?>
<!-- Generated by org.testng.reporters.JUnitXMLReporter -->
<testsuite ignored="0" hostname="Sudhakars-MBP.tx.rr.com" failures="0" tests="10" name="Surefire test" time="3.713" errors="0" timestamp="2021-09-22T18:32:48 CDT">
  <testcase classname="gmailAPI.GmailAPITest" name="gmailAPITest" time="0.961"/>
  <testcase classname="io.cucumber.testng.AbstractTestNGCucumberTests" name="runScenario" time="0.2"/>
  <testcase classname="io.cucumber.testng.AbstractTestNGCucumberTests" name="runScenario" time="0.366"/>
  <testcase classname="io.cucumber.testng.AbstractTestNGCucumberTests" name="runScenario" time="0.117"/>
  <testcase classname="io.cucumber.testng.AbstractTestNGCucumberTests" name="runScenario" time="0.372"/>
  <testcase classname="smoketests.FirstAPITest" name="getCall" time="0.11"/>
  <testcase classname="smoketests.FirstAPITest" name="getCallListUser" time="0.096"/>
  <testcase classname="smoketests.FirstAPITest" name="postCall" time="0.488"/>
  <testcase classname="smoketests.FirstAPITest" name="putCall" time="0.414"/>
  <testcase classname="smoketests.FirstAPITest" name="deleteCall" time="0.406"/>
</testsuite> <!-- Surefire test -->
