<?xml version="1.0" encoding="UTF-8"?>
<testng-results ignored="0" total="10" passed="10" failed="0" skipped="0">
  <reporter-output>
  </reporter-output>
  <suite started-at="2021-09-22T18:32:44 CDT" name="Surefire suite" finished-at="2021-09-22T18:32:48 CDT" duration-ms="3713">
    <groups>
      <group name="cucumber">
        <method signature="AbstractTestNGCucumberTests.runScenario(io.cucumber.testng.PickleWrapper, io.cucumber.testng.FeatureWrapper)[pri:0, instance:smoketests.CucumberRunnerTest@1a451d4d]" name="runScenario" class="io.cucumber.testng.AbstractTestNGCucumberTests"/>
      </group> <!-- cucumber -->
    </groups>
    <test started-at="2021-09-22T18:32:44 CDT" name="Surefire test" finished-at="2021-09-22T18:32:48 CDT" duration-ms="3713">
      <class name="gmailAPI.GmailAPITest">
        <test-method signature="gmailAPITest()[pri:0, instance:gmailAPI.GmailAPITest@62150f9e]" started-at="2021-09-22T18:32:44 CDT" name="gmailAPITest" finished-at="2021-09-22T18:32:45 CDT" duration-ms="961" status="PASS">
          <reporter-output>
          </reporter-output>
        </test-method> <!-- gmailAPITest -->
      </class> <!-- gmailAPI.GmailAPITest -->
      <class name="smoketests.CucumberRunnerTest">
        <test-method is-config="true" signature="setUpClass()[pri:0, instance:smoketests.CucumberRunnerTest@1a451d4d]" started-at="2021-09-22T18:32:45 CDT" name="setUpClass" finished-at="2021-09-22T18:32:45 CDT" duration-ms="84" status="PASS">
          <reporter-output>
          </reporter-output>
        </test-method> <!-- setUpClass -->
        <test-method signature="runScenario(io.cucumber.testng.PickleWrapper, io.cucumber.testng.FeatureWrapper)[pri:0, instance:smoketests.CucumberRunnerTest@1a451d4d]" started-at="2021-09-22T18:32:45 CDT" name="runScenario" description="Runs Cucumber Scenarios" data-provider="scenarios" finished-at="2021-09-22T18:32:45 CDT" duration-ms="200" status="PASS">
          <params>
            <param index="0">
              <value>
                <![CDATA["Creating GET Call for single user"]]>
              </value>
            </param>
            <param index="1">
              <value>
                <![CDATA["Creating smoke test for regres.in application"]]>
              </value>
            </param>
          </params>
          <reporter-output>
          </reporter-output>
        </test-method> <!-- runScenario -->
        <test-method signature="runScenario(io.cucumber.testng.PickleWrapper, io.cucumber.testng.FeatureWrapper)[pri:0, instance:smoketests.CucumberRunnerTest@1a451d4d]" started-at="2021-09-22T18:32:45 CDT" name="runScenario" description="Runs Cucumber Scenarios" data-provider="scenarios" finished-at="2021-09-22T18:32:45 CDT" duration-ms="366" status="PASS">
          <params>
            <param index="0">
              <value>
                <![CDATA["Creating POST Call for single user"]]>
              </value>
            </param>
            <param index="1">
              <value>
                <![CDATA["Creating smoke test for regres.in application"]]>
              </value>
            </param>
          </params>
          <reporter-output>
          </reporter-output>
        </test-method> <!-- runScenario -->
        <test-method signature="runScenario(io.cucumber.testng.PickleWrapper, io.cucumber.testng.FeatureWrapper)[pri:0, instance:smoketests.CucumberRunnerTest@1a451d4d]" started-at="2021-09-22T18:32:45 CDT" name="runScenario" description="Runs Cucumber Scenarios" data-provider="scenarios" finished-at="2021-09-22T18:32:46 CDT" duration-ms="117" status="PASS">
          <params>
            <param index="0">
              <value>
                <![CDATA["Creating GET Call for list of users"]]>
              </value>
            </param>
            <param index="1">
              <value>
                <![CDATA["Creating smoke test for regres.in application"]]>
              </value>
            </param>
          </params>
          <reporter-output>
          </reporter-output>
        </test-method> <!-- runScenario -->
        <test-method signature="runScenario(io.cucumber.testng.PickleWrapper, io.cucumber.testng.FeatureWrapper)[pri:0, instance:smoketests.CucumberRunnerTest@1a451d4d]" started-at="2021-09-22T18:32:46 CDT" name="runScenario" description="Runs Cucumber Scenarios" data-provider="scenarios" finished-at="2021-09-22T18:32:46 CDT" duration-ms="372" status="PASS">
          <params>
            <param index="0">
              <value>
                <![CDATA["Delete Call for user"]]>
              </value>
            </param>
            <param index="1">
              <value>
                <![CDATA["Creating smoke test for regres.in application"]]>
              </value>
            </param>
          </params>
          <reporter-output>
          </reporter-output>
        </test-method> <!-- runScenario -->
        <test-method is-config="true" signature="tearDownClass()[pri:0, instance:smoketests.CucumberRunnerTest@1a451d4d]" started-at="2021-09-22T18:32:46 CDT" name="tearDownClass" finished-at="2021-09-22T18:32:46 CDT" duration-ms="81" status="PASS">
          <reporter-output>
          </reporter-output>
        </test-method> <!-- tearDownClass -->
      </class> <!-- smoketests.CucumberRunnerTest -->
      <class name="smoketests.FirstAPITest">
        <test-method is-config="true" signature="base()[pri:0, instance:smoketests.FirstAPITest@7fa98a66]" started-at="2021-09-22T18:32:46 CDT" name="base" finished-at="2021-09-22T18:32:46 CDT" duration-ms="0" status="PASS">
          <reporter-output>
          </reporter-output>
        </test-method> <!-- base -->
        <test-method signature="getCall()[pri:0, instance:smoketests.FirstAPITest@7fa98a66]" started-at="2021-09-22T18:32:46 CDT" name="getCall" finished-at="2021-09-22T18:32:46 CDT" duration-ms="110" status="PASS">
          <reporter-output>
          </reporter-output>
        </test-method> <!-- getCall -->
        <test-method signature="getCallListUser()[pri:0, instance:smoketests.FirstAPITest@7fa98a66]" started-at="2021-09-22T18:32:46 CDT" name="getCallListUser" finished-at="2021-09-22T18:32:46 CDT" duration-ms="96" status="PASS">
          <reporter-output>
          </reporter-output>
        </test-method> <!-- getCallListUser -->
        <test-method signature="postCall()[pri:1, instance:smoketests.FirstAPITest@7fa98a66]" started-at="2021-09-22T18:32:46 CDT" name="postCall" finished-at="2021-09-22T18:32:47 CDT" duration-ms="488" status="PASS">
          <reporter-output>
          </reporter-output>
        </test-method> <!-- postCall -->
        <test-method signature="putCall()[pri:2, instance:smoketests.FirstAPITest@7fa98a66]" started-at="2021-09-22T18:32:47 CDT" name="putCall" finished-at="2021-09-22T18:32:47 CDT" duration-ms="414" status="PASS">
          <reporter-output>
          </reporter-output>
        </test-method> <!-- putCall -->
        <test-method signature="deleteCall()[pri:3, instance:smoketests.FirstAPITest@7fa98a66]" started-at="2021-09-22T18:32:47 CDT" name="deleteCall" finished-at="2021-09-22T18:32:48 CDT" duration-ms="406" status="PASS">
          <reporter-output>
          </reporter-output>
        </test-method> <!-- deleteCall -->
      </class> <!-- smoketests.FirstAPITest -->
    </test> <!-- Surefire test -->
  </suite> <!-- Surefire suite -->
</testng-results>
